{
  message: 'fatal',
  level: 'fatal',
  timestamp: '2023-05-12T19:26:02.331Z'
}
{
  message: 'error',
  level: 'error',
  timestamp: '2023-05-12T19:26:02.340Z'
}
{
  message: 'warn',
  level: 'warn',
  timestamp: '2023-05-12T19:26:02.340Z'
}
{
  message: 'info',
  level: 'info',
  timestamp: '2023-05-12T19:26:02.340Z'
}
{
  message: 'fatal',
  level: 'fatal',
  timestamp: '2023-05-12T19:26:13.361Z'
}
{
  message: 'error',
  level: 'error',
  timestamp: '2023-05-12T19:26:13.363Z'
}
{
  message: 'warn',
  level: 'warn',
  timestamp: '2023-05-12T19:26:13.364Z'
}
{
  message: 'info',
  level: 'info',
  timestamp: '2023-05-12T19:26:13.364Z'
}
{
  message: 'fatal',
  level: 'fatal',
  timestamp: '2023-05-12T19:28:07.808Z'
}
{
  message: 'error',
  level: 'error',
  timestamp: '2023-05-12T19:28:07.812Z'
}
{
  message: 'warn',
  level: 'warn',
  timestamp: '2023-05-12T19:28:07.813Z'
}
{
  message: 'info',
  level: 'info',
  timestamp: '2023-05-12T19:28:07.813Z'
}
{
  message: 'fatal',
  level: 'fatal',
  timestamp: '2023-05-12T19:29:08.712Z'
}
{
  message: 'error',
  level: 'error',
  timestamp: '2023-05-12T19:29:08.712Z'
}
{
  message: 'warn',
  level: 'warn',
  timestamp: '2023-05-12T19:29:08.712Z'
}
{
  message: 'info',
  level: 'info',
  timestamp: '2023-05-12T19:29:08.713Z'
}
{
  message: 'fatal',
  level: 'fatal',
  timestamp: '2023-05-12T19:30:06.819Z'
}
{
  message: 'error',
  level: 'error',
  timestamp: '2023-05-12T19:30:06.823Z'
}
{
  message: 'warn',
  level: 'warn',
  timestamp: '2023-05-12T19:30:06.824Z'
}
{
  message: 'info',
  level: 'info',
  timestamp: '2023-05-12T19:30:06.824Z'
}
{
  message: 'fatal',
  level: 'fatal',
  timestamp: '2023-05-12T19:34:40.867Z'
}
{
  message: 'error',
  level: 'error',
  timestamp: '2023-05-12T19:34:40.870Z'
}
{
  message: 'warn',
  level: 'warn',
  timestamp: '2023-05-12T19:34:40.871Z'
}
{
  message: 'info',
  level: 'info',
  timestamp: '2023-05-12T19:34:40.871Z'
}
